生成启动时间为 2019/11/28 18:35:26。
     1>项目“D:\C++程序\MOEAD\MOEAD\MOEAD.vcxproj”在节点 2 上(build 个目标)。
     1>InitializeBuildStatus:
         正在创建“Debug\MOEAD.unsuccessfulbuild”，因为已指定“AlwaysCreate”。
       ClCompile:
         F:\Microsoft Visual Studio 10.0\VC\bin\CL.exe /c /ZI /nologo /W3 /WX- /Od /Oy- /D WIN32 /D _DEBUG /D _CONSOLE /D _UNICODE /D UNICODE /Gm /EHsc /RTC1 /MDd /GS /fp:precise /Zc:wchar_t /Zc:forScope /Fo"Debug\\" /Fd"Debug\vc100.pdb" /Gd /TP /analyze- /errorReport:prompt main.cpp
         main.cpp
       ManifestResourceCompile:
         所有输出均为最新。
       Link:
         F:\Microsoft Visual Studio 10.0\VC\bin\link.exe /ERRORREPORT:PROMPT /OUT:"D:\C++程序\MOEAD\Debug\MOEAD.exe" /INCREMENTAL /NOLOGO kernel32.lib user32.lib gdi32.lib winspool.lib comdlg32.lib advapi32.lib shell32.lib ole32.lib oleaut32.lib uuid.lib odbc32.lib odbccp32.lib /MANIFEST /ManifestFile:"Debug\MOEAD.exe.intermediate.manifest" /MANIFESTUAC:"level='asInvoker' uiAccess='false'" /DEBUG /PDB:"D:\C++程序\MOEAD\Debug\MOEAD.pdb" /SUBSYSTEM:CONSOLE /STACK:"16000000" /TLBID:1 /DYNAMICBASE /NXCOMPAT /IMPLIB:"D:\C++程序\MOEAD\Debug\MOEAD.lib" /MACHINE:X86 Debug\MOEAD.exe.embed.manifest.res
         Debug\main.obj
         Debug\sort_file.obj
       Manifest:
         C:\Program Files (x86)\Microsoft SDKs\Windows\v7.0A\bin\mt.exe /nologo /verbose /out:"Debug\MOEAD.exe.embed.manifest" /manifest Debug\MOEAD.exe.intermediate.manifest
         所有输出均为最新。
       LinkEmbedManifest:
         所有输出均为最新。
         MOEAD.vcxproj -> D:\C++程序\MOEAD\Debug\MOEAD.exe
       FinalizeBuildStatus:
         正在删除文件“Debug\MOEAD.unsuccessfulbuild”。
         正在对“Debug\MOEAD.lastbuildstate”执行 Touch 任务。
     1>已完成生成项目“D:\C++程序\MOEAD\MOEAD\MOEAD.vcxproj”(build 个目标)的操作。

生成成功。

已用时间 00:00:01.11
